app/build/intermediates/manifest_merge_blame_file/debug/manifest-merger-blame-debug-report.txt
1<?xml version="1.0" encoding="utf-8"?>
2<manifest xmlns:android="http://schemas.android.com/apk/res/android"
3    package="com.example.android.activityscenetransitionbasic"
4    android:versionCode="1"
5    android:versionName="1.0" >
6
7    <uses-sdk
8        android:minSdkVersion="14"
8-->src/main/AndroidManifest.xml
9        android:targetSdkVersion="29" />
9-->src/main/AndroidManifest.xml
10
11    <uses-permission android:name="android.permission.INTERNET" />
11-->src/main/AndroidManifest.xml:27:5-67
11-->src/main/AndroidManifest.xml:27:22-64
12
13    <application
13-->src/main/AndroidManifest.xml:6:5-25:19
14        android:allowBackup="false"
14-->src/main/AndroidManifest.xml:7:9-36
15        android:appComponentFactory="androidx.core.app.CoreComponentFactory"
15-->[androidx.core:core:1.3.1] AndroidManifest.xml:24:18-86
16        android:debuggable="true"
17        android:icon="@drawable/ic_launcher"
17-->src/main/AndroidManifest.xml:8:9-45
18        android:label="@string/app_name"
18-->src/main/AndroidManifest.xml:9:9-41
19        android:testOnly="true"
20        android:theme="@style/AppTheme" >
20-->src/main/AndroidManifest.xml:10:9-40
21        <activity
21-->src/main/AndroidManifest.xml:12:9-14:20
22            android:name="com.example.android.activityscenetransitionbasic.Medical_1"
22-->src/main/AndroidManifest.xml:12:19-44
23            android:label="@string/medical1_name" >
23-->src/main/AndroidManifest.xml:13:13-50
24        </activity>
25        <activity
25-->src/main/AndroidManifest.xml:15:9-23:20
26            android:name="com.example.android.activityscenetransitionbasic.MainActivity"
26-->src/main/AndroidManifest.xml:16:13-41
27            android:label="@string/app_name" >
27-->src/main/AndroidManifest.xml:17:13-45
28            <intent-filter>
28-->src/main/AndroidManifest.xml:18:13-22:29
29                <action android:name="android.intent.action.MAIN" />
29-->src/main/AndroidManifest.xml:19:17-69
29-->src/main/AndroidManifest.xml:19:25-66
30
31                <category android:name="android.intent.category.LAUNCHER" />
31-->src/main/AndroidManifest.xml:21:17-77
31-->src/main/AndroidManifest.xml:21:27-74
32            </intent-filter>
33        </activity>
34        <activity android:name="com.example.android.activityscenetransitionbasic.DetailActivity" />
34-->src/main/AndroidManifest.xml:24:9-52
34-->src/main/AndroidManifest.xml:24:19-49
35
36        <provider
36-->[androidx.lifecycle:lifecycle-process:2.2.0] AndroidManifest.xml:25:9-29:43
37            android:name="androidx.lifecycle.ProcessLifecycleOwnerInitializer"
37-->[androidx.lifecycle:lifecycle-process:2.2.0] AndroidManifest.xml:26:13-79
38            android:authorities="com.example.android.activityscenetransitionbasic.lifecycle-process"
38-->[androidx.lifecycle:lifecycle-process:2.2.0] AndroidManifest.xml:27:13-69
39            android:exported="false"
39-->[androidx.lifecycle:lifecycle-process:2.2.0] AndroidManifest.xml:28:13-37
40            android:multiprocess="true" />
40-->[androidx.lifecycle:lifecycle-process:2.2.0] AndroidManifest.xml:29:13-40
41    </application>
42
43</manifest>